#
# A fatal error has been detected by the Java Runtime Environment:
#
#  EXCEPTION_UNCAUGHT_CXX_EXCEPTION (0xe06d7363) at pc=0x00007ffa48a03c58, pid=4480, tid=0x0000000000002728
#
# JRE version: Java(TM) SE Runtime Environment (8.0_131-b11) (build 1.8.0_131-b11)
# Java VM: Java HotSpot(TM) 64-Bit Server VM (25.131-b11 mixed mode windows-amd64 compressed oops)
# Problematic frame:
# C  [KERNELBASE.dll+0x33c58]
#
# Failed to write core dump. Minidumps are not enabled by default on client versions of Windows
#
# If you would like to submit a bug report, please visit:
#   http://bugreport.java.com/bugreport/crash.jsp
#

---------------  T H R E A D  ---------------

Current thread (0x0000000014d26800):  VMThread [stack: 0x0000000015db0000,0x0000000015eb0000] [id=10024]

siginfo: ExceptionCode=0xe06d7363, ExceptionInformation=0x0000000019930520 0x0000000015eaf390 0x00007ffa23780dc8 0x00007ffa23630000 

Registers:
RAX=0x0000000000000000, RBX=0x0000000015eaf390, RCX=0x0000000000000000, RDX=0x0000000000000000
RSP=0x0000000015eaf220, RBP=0x0000000014c35400, RSI=0x0000000000000001, RDI=0x00007ffa23780dc8
R8 =0x0000000000000000, R9 =0x0000000000000000, R10=0x0000000000000000, R11=0x0000000000000000
R12=0x00007ffa23630000, R13=0x00007ffa4b8541b0, R14=0x00007ffa236952e0, R15=0x00007ffa236952e0
RIP=0x00007ffa48a03c58, EFLAGS=0x0000000000000206

Top of Stack: (sp=0x0000000015eaf220)
0x0000000015eaf220:   0000000000000000 0000000015eaf390
0x0000000015eaf230:   0000000000000001 00007ffa23780dc8
0x0000000015eaf240:   00000001e06d7363 0000000000000000
0x0000000015eaf250:   00007ffa48a03c58 0000000000000004
0x0000000015eaf260:   0000000019930520 0000000015eaf390
0x0000000015eaf270:   00007ffa23780dc8 00007ffa23630000
0x0000000015eaf280:   00007ffa4b8541b0 00007ffa23630000
0x0000000015eaf290:   00007ffa23780dc8 0000000000000001
0x0000000015eaf2a0:   0000000014c35400 00007ffa4b74c28f
0x0000000015eaf2b0:   0000000015eaf370 00007ffa00000000
0x0000000015eaf2c0:   000000001d6d0f50 0000000014c35400
0x0000000015eaf2d0:   00007ffa2379f000 00007ffa23630000
0x0000000015eaf2e0:   0000be6dd4ba1d93 0000000014c35400
0x0000000015eaf2f0:   0000000015eaf390 00007ffa23699f06
0x0000000015eaf300:   00000000000016a0 00007ffadec7f1c9
0x0000000015eaf310:   0000000000000058 00007ffa23630000 

Instructions: (pc=0x00007ffa48a03c58)
0x00007ffa48a03c38:   49 8b d1 44 0f 47 c0 44 89 44 24 38 49 c1 e0 03
0x00007ffa48a03c48:   e8 47 90 04 00 48 8d 4c 24 20 ff 15 b0 44 11 00
0x00007ffa48a03c58:   48 8b 8c 24 c0 00 00 00 48 33 cc e8 d8 55 04 00
0x00007ffa48a03c68:   48 81 c4 d8 00 00 00 c3 83 64 24 38 00 eb d6 cc 


Register to memory mapping:

RAX=0x0000000000000000 is an unknown value
RBX=0x0000000015eaf390 is an unknown value
RCX=0x0000000000000000 is an unknown value
RDX=0x0000000000000000 is an unknown value
RSP=0x0000000015eaf220 is an unknown value
RBP=0x0000000014c35400 is an unknown value
RSI=0x0000000000000001 is an unknown value
RDI=0x00007ffa23780dc8 is an unknown value
R8 =0x0000000000000000 is an unknown value
R9 =0x0000000000000000 is an unknown value
R10=0x0000000000000000 is an unknown value
R11=0x0000000000000000 is an unknown value
R12=0x00007ffa23630000 is an unknown value
R13=0x00007ffa4b8541b0 is an unknown value
R14=0x00007ffa236952e0 is an unknown value
R15=0x00007ffa236952e0 is an unknown value


Stack: [0x0000000015db0000,0x0000000015eb0000],  sp=0x0000000015eaf220,  free space=1020k
Native frames: (J=compiled Java code, j=interpreted, Vv=VM code, C=native code)
C  [KERNELBASE.dll+0x33c58]
C  [SogouFlashDll64.dll+0x69f06]
C  [SogouFlashDll64.dll+0x63d34]
C  [SogouFlashDll64.dll+0x1381]
C  [SogouFlashDll64.dll+0x125c]
C  [SogouFlashDll64.dll+0x65244]
C  [ntdll.dll+0x2a37f]
C  [ntdll.dll+0x806b]
C  [ntdll.dll+0x7d94]
C  [KERNEL32.DLL+0x1ce6a]
C  [msvcr100.dll+0x20ccd]
V  [jvm.dll+0x213235]
V  [jvm.dll+0x24c2a7]
V  [jvm.dll+0x24b546]
V  [jvm.dll+0x24b9e1]
V  [jvm.dll+0x24bbfe]
V  [jvm.dll+0x29cc1a]
C  [msvcr100.dll+0x21d9f]
C  [msvcr100.dll+0x21e3b]
C  [KERNEL32.DLL+0x8364]
C  [ntdll.dll+0x67091]

VM_Operation (0x000000001810d560): Exit, mode: safepoint, requested by thread 0x0000000016cd8000


---------------  P R O C E S S  ---------------

Java Threads: ( => current thread )
  0x0000000016120800 JavaThread "TimerQueue" daemon [_thread_blocked, id=4784, stack(0x000000001cbb0000,0x000000001ccb0000)]
  0x00000000021ae800 JavaThread "DestroyJavaVM" [_thread_blocked, id=2352, stack(0x0000000002580000,0x0000000002680000)]
  0x0000000016cd8000 JavaThread "AWT-EventQueue-0" [_thread_blocked, id=1768, stack(0x0000000018010000,0x0000000018110000)]
  0x0000000016c7b800 JavaThread "AWT-Shutdown" [_thread_blocked, id=3192, stack(0x0000000017550000,0x0000000017650000)]
  0x0000000016c7b000 JavaThread "Java2D Disposer" daemon [_thread_blocked, id=84, stack(0x0000000017450000,0x0000000017550000)]
  0x000000001613e800 JavaThread "Service Thread" daemon [_thread_blocked, id=11340, stack(0x00000000169b0000,0x0000000016ab0000)]
  0x00000000160bc800 JavaThread "C1 CompilerThread2" daemon [_thread_blocked, id=10636, stack(0x00000000168b0000,0x00000000169b0000)]
  0x0000000014dbb800 JavaThread "C2 CompilerThread1" daemon [_thread_blocked, id=5700, stack(0x00000000167b0000,0x00000000168b0000)]
  0x0000000014d6c800 JavaThread "C2 CompilerThread0" daemon [_thread_blocked, id=4464, stack(0x00000000166b0000,0x00000000167b0000)]
  0x0000000014d6b800 JavaThread "Attach Listener" daemon [_thread_blocked, id=8736, stack(0x00000000165b0000,0x00000000166b0000)]
  0x0000000002779000 JavaThread "Finalizer" daemon [_thread_blocked, id=3908, stack(0x0000000015fb0000,0x00000000160b0000)]
  0x0000000002770000 JavaThread "Reference Handler" daemon [_thread_blocked, id=4820, stack(0x0000000015eb0000,0x0000000015fb0000)]

Other Threads:
=>0x0000000014d26800 VMThread [stack: 0x0000000015db0000,0x0000000015eb0000] [id=10024]

VM state:at safepoint (shutting down)

VM Mutex/Monitor currently owned by a thread:  ([mutex/lock_event])
[0x00000000021abbb0] Threads_lock - owner thread: 0x0000000014d26800

Heap:
 PSYoungGen      total 18944K, used 12260K [0x00000000eb380000, 0x00000000ec880000, 0x0000000100000000)
  eden space 16384K, 59% used [0x00000000eb380000,0x00000000ebcfb290,0x00000000ec380000)
  from space 2560K, 99% used [0x00000000ec380000,0x00000000ec5fe030,0x00000000ec600000)
  to   space 2560K, 0% used [0x00000000ec600000,0x00000000ec600000,0x00000000ec880000)
 ParOldGen       total 44032K, used 614K [0x00000000c1a00000, 0x00000000c4500000, 0x00000000eb380000)
  object space 44032K, 1% used [0x00000000c1a00000,0x00000000c1a998c0,0x00000000c4500000)
 Metaspace       used 15164K, capacity 15416K, committed 15744K, reserved 1062912K
  class space    used 1973K, capacity 2070K, committed 2176K, reserved 1048576K

Card table byte_map: [0x0000000011b40000,0x0000000011d40000] byte_map_base: 0x0000000011533000

Marking Bits: (ParMarkBitMap*) 0x0000000052aec720
 Begin Bits: [0x0000000012290000, 0x0000000013228000)
 End Bits:   [0x0000000013228000, 0x00000000141c0000)

Polling page: 0x0000000000530000

CodeCache: size=245760Kb used=5719Kb max_used=5724Kb free=240040Kb
 bounds [0x0000000002780000, 0x0000000002d20000, 0x0000000011780000]
 total_blobs=2249 nmethods=1739 adapters=421
 compilation: enabled

Compilation events (10 events):
Event: 21.837 Thread 0x00000000160bc800 nmethod 1740 0x0000000002d08d90 code [0x0000000002d08ee0, 0x0000000002d09030]
Event: 21.889 Thread 0x0000000014d6c800 nmethod 1733 0x0000000002d18ed0 code [0x0000000002d19060, 0x0000000002d19cf8]
Event: 22.659 Thread 0x00000000160bc800 1741       3       javax.swing.plaf.synth.SynthContext::getPainter (19 bytes)
Event: 22.659 Thread 0x00000000160bc800 nmethod 1741 0x0000000002d189d0 code [0x0000000002d18b40, 0x0000000002d18de8]
Event: 22.659 Thread 0x00000000160bc800 1742       3       sun.awt.image.SunWritableRaster::stealTrackable (10 bytes)
Event: 22.660 Thread 0x00000000160bc800 nmethod 1742 0x0000000002d18550 code [0x0000000002d186c0, 0x0000000002d188b0]
Event: 22.660 Thread 0x00000000160bc800 1743       3       java.awt.image.DataBuffer$1::getTrackable (5 bytes)
Event: 22.660 Thread 0x00000000160bc800 nmethod 1743 0x0000000002d0ee10 code [0x0000000002d0ef60, 0x0000000002d0f0b0]
Event: 22.730 Thread 0x00000000160bc800 1744       3       sun.awt.windows.WComponentPeer::handleJavaMouseEvent (76 bytes)
Event: 22.733 Thread 0x00000000160bc800 nmethod 1744 0x0000000002d16fd0 code [0x0000000002d17200, 0x0000000002d18038]

GC Heap History (2 events):
Event: 5.849 GC heap before
{Heap before GC invocations=1 (full 0):
 PSYoungGen      total 18944K, used 15470K [0x00000000eb380000, 0x00000000ec880000, 0x0000000100000000)
  eden space 16384K, 94% used [0x00000000eb380000,0x00000000ec29b9d0,0x00000000ec380000)
  from space 2560K, 0% used [0x00000000ec600000,0x00000000ec600000,0x00000000ec880000)
  to   space 2560K, 0% used [0x00000000ec380000,0x00000000ec380000,0x00000000ec600000)
 ParOldGen       total 44032K, used 0K [0x00000000c1a00000, 0x00000000c4500000, 0x00000000eb380000)
  object space 44032K, 0% used [0x00000000c1a00000,0x00000000c1a00000,0x00000000c4500000)
 Metaspace       used 12501K, capacity 12712K, committed 12800K, reserved 1060864K
  class space    used 1660K, capacity 1746K, committed 1792K, reserved 1048576K
Event: 5.868 GC heap after
Heap after GC invocations=1 (full 0):
 PSYoungGen      total 18944K, used 2552K [0x00000000eb380000, 0x00000000ec880000, 0x0000000100000000)
  eden space 16384K, 0% used [0x00000000eb380000,0x00000000eb380000,0x00000000ec380000)
  from space 2560K, 99% used [0x00000000ec380000,0x00000000ec5fe030,0x00000000ec600000)
  to   space 2560K, 0% used [0x00000000ec600000,0x00000000ec600000,0x00000000ec880000)
 ParOldGen       total 44032K, used 614K [0x00000000c1a00000, 0x00000000c4500000, 0x00000000eb380000)
  object space 44032K, 1% used [0x00000000c1a00000,0x00000000c1a998c0,0x00000000c4500000)
 Metaspace       used 12501K, capacity 12712K, committed 12800K, reserved 1060864K
  class space    used 1660K, capacity 1746K, committed 1792K, reserved 1048576K
}

Deoptimization events (10 events):
Event: 2.201 Thread 0x0000000016cd8000 Uncommon trap: reason=class_check action=maybe_recompile pc=0x00000000028edde8 method=java.lang.String.equals(Ljava/lang/Object;)Z @ 8
Event: 2.201 Thread 0x0000000016cd8000 Uncommon trap: reason=class_check action=maybe_recompile pc=0x00000000028edde8 method=java.lang.String.equals(Ljava/lang/Object;)Z @ 8
Event: 2.201 Thread 0x0000000016cd8000 Uncommon trap: reason=class_check action=maybe_recompile pc=0x00000000028edde8 method=java.lang.String.equals(Ljava/lang/Object;)Z @ 8
Event: 5.362 Thread 0x0000000016cd8000 Uncommon trap: reason=unstable_if action=reinterpret pc=0x0000000002a48550 method=java.lang.Character.isSurrogate(C)Z @ 3
Event: 5.362 Thread 0x0000000016cd8000 Uncommon trap: reason=unstable_if action=reinterpret pc=0x00000000029a3b48 method=java.lang.String.toLowerCase(Ljava/util/Locale;)Ljava/lang/String; @ 37
Event: 5.695 Thread 0x0000000016cd8000 Uncommon trap: reason=unstable_if action=reinterpret pc=0x0000000002a56958 method=java.util.HashMap.resize()[Ljava/util/HashMap$Node; @ 206
Event: 5.985 Thread 0x0000000016cd8000 Uncommon trap: reason=unstable_if action=reinterpret pc=0x0000000002aaa554 method=java.awt.MultipleGradientPaintContext.indexIntoGradientsArrays(F)I @ 13
Event: 9.301 Thread 0x0000000016cd8000 Uncommon trap: reason=unstable_if action=reinterpret pc=0x00000000029e1f5c method=java.io.WinNTFileSystem.normalize(Ljava/lang/String;)Ljava/lang/String; @ 128
Event: 10.991 Thread 0x0000000016cd8000 Uncommon trap: reason=unstable_if action=reinterpret pc=0x000000000297ecb8 method=java.lang.String.<init>([CII)V @ 18
Event: 11.292 Thread 0x0000000016cd8000 Uncommon trap: reason=unstable_if action=reinterpret pc=0x0000000002ab3128 method=java.awt.MultipleGradientPaintContext.indexIntoGradientsArrays(F)I @ 24

Internal exceptions (10 events):
Event: 1.033 Thread 0x00000000021ae800 Exception <a 'java/lang/ClassNotFoundException': ToolBar> (0x00000000eb71ef80) thrown at [C:\re\workspace\8-2-build-windows-amd64-cygwin\jdk8u131\8869\hotspot\src\share\vm\classfile\systemDictionary.cpp, line 210]
Event: 1.033 Thread 0x00000000021ae800 Exception <a 'java/lang/ClassNotFoundException': ToggleButton> (0x00000000eb71f530) thrown at [C:\re\workspace\8-2-build-windows-amd64-cygwin\jdk8u131\8869\hotspot\src\share\vm\classfile\systemDictionary.cpp, line 210]
Event: 1.033 Thread 0x00000000021ae800 Exception <a 'java/lang/ClassNotFoundException': javax/swing/JToolBarSeparator> (0x00000000eb71f990) thrown at [C:\re\workspace\8-2-build-windows-amd64-cygwin\jdk8u131\8869\hotspot\src\share\vm\classfile\systemDictionary.cpp, line 210]
Event: 1.033 Thread 0x00000000021ae800 Exception <a 'java/lang/ClassNotFoundException': ToolBarSeparator> (0x00000000eb71fe28) thrown at [C:\re\workspace\8-2-build-windows-amd64-cygwin\jdk8u131\8869\hotspot\src\share\vm\classfile\systemDictionary.cpp, line 210]
Event: 1.034 Thread 0x00000000021ae800 Exception <a 'java/lang/ClassNotFoundException': ToolTip> (0x00000000eb720568) thrown at [C:\re\workspace\8-2-build-windows-amd64-cygwin\jdk8u131\8869\hotspot\src\share\vm\classfile\systemDictionary.cpp, line 210]
Event: 1.037 Thread 0x00000000021ae800 Exception <a 'java/lang/ClassNotFoundException': Tree> (0x00000000eb721188) thrown at [C:\re\workspace\8-2-build-windows-amd64-cygwin\jdk8u131\8869\hotspot\src\share\vm\classfile\systemDictionary.cpp, line 210]
Event: 1.037 Thread 0x00000000021ae800 Exception <a 'java/lang/ClassNotFoundException': Tree> (0x00000000eb7218c8) thrown at [C:\re\workspace\8-2-build-windows-amd64-cygwin\jdk8u131\8869\hotspot\src\share\vm\classfile\systemDictionary.cpp, line 210]
Event: 1.037 Thread 0x00000000021ae800 Exception <a 'java/lang/ClassNotFoundException': javax/swing/JTreeCell> (0x00000000eb721c48) thrown at [C:\re\workspace\8-2-build-windows-amd64-cygwin\jdk8u131\8869\hotspot\src\share\vm\classfile\systemDictionary.cpp, line 210]
Event: 1.037 Thread 0x00000000021ae800 Exception <a 'java/lang/ClassNotFoundException': TreeCell> (0x00000000eb7220d0) thrown at [C:\re\workspace\8-2-build-windows-amd64-cygwin\jdk8u131\8869\hotspot\src\share\vm\classfile\systemDictionary.cpp, line 210]
Event: 1.039 Thread 0x00000000021ae800 Exception <a 'java/lang/ClassNotFoundException': RootPane> (0x00000000eb722b30) thrown at [C:\re\workspace\8-2-build-windows-amd64-cygwin\jdk8u131\8869\hotspot\src\share\vm\classfile\systemDictionary.cpp, line 210]

Events (10 events):
Event: 23.394 Thread 0x0000000017269000 Thread exited: 0x0000000017269000
Event: 23.394 loading class sun/awt/shell/Win32ShellFolderManager2$ComInvoker$1$1 done
Event: 23.395 Thread 0x00000000163aa800 Thread exited: 0x00000000163aa800
Event: 23.395 Executing VM operation: RevokeBias
Event: 23.395 Executing VM operation: RevokeBias done
Event: 23.396 Thread 0x00000000162d8800 Thread exited: 0x00000000162d8800
Event: 23.527 Thread 0x0000000016c7c800 Thread exited: 0x0000000016c7c800
Event: 23.597 Thread 0x0000000017269800 Thread exited: 0x0000000017269800
Event: 23.621 Thread 0x0000000014db9800 Thread exited: 0x0000000014db9800
Event: 23.621 Executing VM operation: Exit


Dynamic libraries:
0x00007ff7ed8f0000 - 0x00007ff7ed927000 	D:\apps\java\JDK\bin\java.exe
0x00007ffa4b700000 - 0x00007ffa4b8d2000 	C:\WINDOWS\SYSTEM32\ntdll.dll
0x00007ffa4b550000 - 0x00007ffa4b5fc000 	C:\WINDOWS\System32\KERNEL32.DLL
0x00007ffa489d0000 - 0x00007ffa48bed000 	C:\WINDOWS\System32\KERNELBASE.dll
0x00007ffa48e90000 - 0x00007ffa48f32000 	C:\WINDOWS\System32\ADVAPI32.dll
0x00007ffa4b400000 - 0x00007ffa4b49e000 	C:\WINDOWS\System32\msvcrt.dll
0x00007ffa48f40000 - 0x00007ffa48f99000 	C:\WINDOWS\System32\sechost.dll
0x00007ffa4aa50000 - 0x00007ffa4ab71000 	C:\WINDOWS\System32\RPCRT4.dll
0x00007ffa48fa0000 - 0x00007ffa49105000 	C:\WINDOWS\System32\USER32.dll
0x00007ffa48620000 - 0x00007ffa4863e000 	C:\WINDOWS\System32\win32u.dll
0x00007ffa4ab80000 - 0x00007ffa4abb4000 	C:\WINDOWS\System32\GDI32.dll
0x00007ffa48740000 - 0x00007ffa488c0000 	C:\WINDOWS\System32\gdi32full.dll
0x00007ffa40fb0000 - 0x00007ffa4122a000 	C:\WINDOWS\WinSxS\amd64_microsoft.windows.common-controls_6595b64144ccf1df_6.0.14393.953_none_42151e83c686086b\COMCTL32.dll
0x00007ffa4af00000 - 0x00007ffa4b1c8000 	C:\WINDOWS\System32\combase.dll
0x00007ffa48350000 - 0x00007ffa48445000 	C:\WINDOWS\System32\ucrtbase.dll
0x00007ffa482e0000 - 0x00007ffa4834a000 	C:\WINDOWS\System32\bcryptPrimitives.dll
0x00007ffa4abc0000 - 0x00007ffa4abee000 	C:\WINDOWS\System32\IMM32.DLL
0x0000000052e50000 - 0x0000000052f22000 	D:\apps\java\JDK\jre\bin\msvcr100.dll
0x00000000522d0000 - 0x0000000052b6c000 	D:\apps\java\JDK\jre\bin\server\jvm.dll
0x00007ffa4ad90000 - 0x00007ffa4ad98000 	C:\WINDOWS\System32\PSAPI.DLL
0x00007ffa43860000 - 0x00007ffa4386a000 	C:\WINDOWS\SYSTEM32\VERSION.dll
0x00007ffa45960000 - 0x00007ffa45983000 	C:\WINDOWS\SYSTEM32\WINMM.dll
0x00007ffa40f50000 - 0x00007ffa40f59000 	C:\WINDOWS\SYSTEM32\WSOCK32.dll
0x00007ffa4b620000 - 0x00007ffa4b68a000 	C:\WINDOWS\System32\WS2_32.dll
0x0000000000540000 - 0x000000000056b000 	C:\WINDOWS\SYSTEM32\WINMMBASE.dll
0x00007ffa486f0000 - 0x00007ffa48732000 	C:\WINDOWS\System32\cfgmgr32.dll
0x0000000052e00000 - 0x0000000052e0f000 	D:\apps\java\JDK\jre\bin\verify.dll
0x00000000522a0000 - 0x00000000522c9000 	D:\apps\java\JDK\jre\bin\java.dll
0x0000000052de0000 - 0x0000000052df6000 	D:\apps\java\JDK\jre\bin\zip.dll
0x00007ffa49540000 - 0x00007ffa4aa48000 	C:\WINDOWS\System32\SHELL32.dll
0x00007ffa47c00000 - 0x00007ffa482da000 	C:\WINDOWS\System32\windows.storage.dll
0x00007ffa47bb0000 - 0x00007ffa47bfc000 	C:\WINDOWS\System32\powrprof.dll
0x00007ffa4b1d0000 - 0x00007ffa4b222000 	C:\WINDOWS\System32\shlwapi.dll
0x00007ffa47b80000 - 0x00007ffa47b8f000 	C:\WINDOWS\System32\kernel.appcore.dll
0x00007ffa48640000 - 0x00007ffa486e9000 	C:\WINDOWS\System32\shcore.dll
0x00007ffa47b90000 - 0x00007ffa47ba4000 	C:\WINDOWS\System32\profapi.dll
0x00000000520c0000 - 0x0000000052258000 	D:\apps\java\JDK\jre\bin\awt.dll
0x00007ffa48c90000 - 0x00007ffa48d4f000 	C:\WINDOWS\System32\OLEAUT32.dll
0x00007ffa48bf0000 - 0x00007ffa48c8c000 	C:\WINDOWS\System32\msvcp_win.dll
0x00007ffa46080000 - 0x00007ffa460fa000 	C:\WINDOWS\SYSTEM32\apphelp.dll
0x00007ffa46280000 - 0x00007ffa46315000 	C:\WINDOWS\system32\uxtheme.dll
0x00007ffa4ada0000 - 0x00007ffa4aefa000 	C:\WINDOWS\System32\MSCTF.dll
0x00007ffa44e70000 - 0x00007ffa44e96000 	C:\WINDOWS\system32\dwmapi.dll
0x00007ffa48d50000 - 0x00007ffa48e88000 	C:\WINDOWS\System32\ole32.dll
0x0000000052070000 - 0x00000000520b7000 	D:\apps\java\JDK\jre\bin\fontmanager.dll
0x0000000052280000 - 0x000000005229a000 	D:\apps\java\JDK\jre\bin\net.dll
0x00007ffa47470000 - 0x00007ffa474cc000 	C:\WINDOWS\system32\mswsock.dll
0x0000000052260000 - 0x0000000052271000 	D:\apps\java\JDK\jre\bin\nio.dll
0x00007ffa35b70000 - 0x00007ffa35c93000 	C:\WINDOWS\system32\opengl32.dll
0x00007ffa35a20000 - 0x00007ffa35b17000 	C:\WINDOWS\SYSTEM32\DDRAW.dll
0x00007ffa3bef0000 - 0x00007ffa3bf1d000 	C:\WINDOWS\SYSTEM32\GLU32.dll
0x00007ffa40ee0000 - 0x00007ffa40ee8000 	C:\WINDOWS\SYSTEM32\DCIMAN32.dll
0x0000000052020000 - 0x0000000052062000 	D:\apps\java\JDK\jre\bin\t2k.dll
0x00007ffa4b4a0000 - 0x00007ffa4b53f000 	C:\WINDOWS\System32\clbcatq.dll
0x00007ffa446b0000 - 0x00007ffa44858000 	C:\WINDOWS\SYSTEM32\WindowsCodecs.dll
0x00007ffa37540000 - 0x00007ffa37589000 	C:\WINDOWS\system32\dataexchange.dll
0x00007ffa45650000 - 0x00007ffa457a1000 	C:\WINDOWS\system32\dcomp.dll
0x00007ffa45220000 - 0x00007ffa454d6000 	C:\WINDOWS\system32\d3d11.dll
0x00007ffa46ac0000 - 0x00007ffa46b5f000 	C:\WINDOWS\system32\dxgi.dll
0x00007ffa46590000 - 0x00007ffa466ac000 	C:\WINDOWS\system32\twinapi.appcore.dll
0x00007ffa47720000 - 0x00007ffa4774b000 	C:\WINDOWS\system32\bcrypt.dll
0x0000000051fe0000 - 0x000000005200a000 	D:\apps\java\JDK\jre\bin\dcpr.dll
0x00007ffa2eab0000 - 0x00007ffa2ecaa000 	C:\WINDOWS\system32\sogoutsf.ime
0x00007ffa45e80000 - 0x00007ffa45e87000 	C:\WINDOWS\system32\MSIMG32.dll
0x00007ffa24550000 - 0x00007ffa24e08000 	C:\WINDOWS\system32\SogouPy.ime
0x00007ffa43e70000 - 0x00007ffa43ed5000 	C:\WINDOWS\SYSTEM32\OLEACC.dll
0x00007ffa46ee0000 - 0x00007ffa46f12000 	C:\WINDOWS\SYSTEM32\ntmarta.dll
0x000000001a420000 - 0x000000001a4ff000 	D:\apps\SogouInput\8.5.0.1322\Resource.dll
0x00007ffa3e9f0000 - 0x00007ffa3ec52000 	D:\apps\SogouInput\Components\PicFace\1.1.0.1756\PicFace64.dll
0x00007ffa4b230000 - 0x00007ffa4b32a000 	C:\WINDOWS\System32\COMDLG32.dll
0x00007ffa43ee0000 - 0x00007ffa43f8c000 	C:\WINDOWS\WinSxS\amd64_microsoft.windows.common-controls_6595b64144ccf1df_5.82.14393.447_none_0d5aa7fbb6d35646\comctl32.dll
0x00007ffa444b0000 - 0x00007ffa44635000 	C:\WINDOWS\SYSTEM32\PROPSYS.dll
0x00007ffa38040000 - 0x00007ffa383a5000 	C:\Windows\System32\ActXPrxy.dll
0x00007ffa34790000 - 0x00007ffa348b7000 	C:\WINDOWS\system32\NetworkExplorer.dll
0x00007ffa41680000 - 0x00007ffa4169b000 	C:\WINDOWS\SYSTEM32\MPR.dll
0x00007ffa3d4e0000 - 0x00007ffa3d4f6000 	C:\WINDOWS\System32\ntlanman.dll
0x00007ffa43010000 - 0x00007ffa4301b000 	C:\WINDOWS\System32\drprov.dll
0x00007ffa470b0000 - 0x00007ffa47106000 	C:\WINDOWS\System32\WINSTA.dll
0x00007ffa338f0000 - 0x00007ffa33910000 	C:\WINDOWS\System32\davclnt.dll
0x00007ffa43220000 - 0x00007ffa4322c000 	C:\WINDOWS\System32\DAVHLPR.dll
0x00007ffa44490000 - 0x00007ffa444a6000 	C:\WINDOWS\System32\wkscli.dll
0x00007ffa3d4a0000 - 0x00007ffa3d4b2000 	C:\WINDOWS\SYSTEM32\cscapi.dll
0x00007ffa472e0000 - 0x00007ffa472ed000 	C:\WINDOWS\System32\netutils.dll
0x00007ffa47610000 - 0x00007ffa4761b000 	C:\WINDOWS\SYSTEM32\CRYPTBASE.DLL
0x00007ffa36020000 - 0x00007ffa36073000 	C:\Windows\System32\thumbcache.dll
0x00007ffa43050000 - 0x00007ffa4309d000 	C:\Windows\System32\dlnashext.dll
0x00007ffa2ef60000 - 0x00007ffa2efd0000 	C:\Windows\System32\PlayToDevice.dll
0x00007ffa37220000 - 0x00007ffa3723e000 	C:\Windows\System32\DevDispItemProvider.dll
0x00007ffa41400000 - 0x00007ffa41471000 	C:\WINDOWS\System32\MMDevApi.dll
0x00007ffa467c0000 - 0x00007ffa467e8000 	C:\WINDOWS\System32\DEVOBJ.dll
0x00007ffa44ec0000 - 0x00007ffa44f5e000 	C:\Windows\System32\PortableDeviceApi.dll
0x00007ffa49110000 - 0x00007ffa49539000 	C:\WINDOWS\System32\SETUPAPI.dll
0x00007ffa48970000 - 0x00007ffa489c5000 	C:\WINDOWS\System32\WINTRUST.dll
0x00007ffa47b70000 - 0x00007ffa47b80000 	C:\WINDOWS\System32\MSASN1.dll
0x00007ffa48450000 - 0x00007ffa48619000 	C:\WINDOWS\System32\CRYPT32.dll
0x00007ffa2fa30000 - 0x00007ffa2fa62000 	C:\Windows\System32\PortableDeviceTypes.dll
0x00007ffa41d70000 - 0x00007ffa41d95000 	C:\Windows\System32\EhStorAPI.dll
0x00007ffa44d10000 - 0x00007ffa44d23000 	C:\Windows\System32\WTSAPI32.dll
0x00007ffa3d040000 - 0x00007ffa3d050000 	C:\WINDOWS\SYSTEM32\LINKINFO.dll
0x00007ffa23630000 - 0x00007ffa237b4000 	D:\apps\SogouInput\Components\SogouFlash\1.0.0.181\SogouFlashDll64.dll
0x00007ffa4b340000 - 0x00007ffa4b39d000 	C:\WINDOWS\System32\WLDAP32.dll
0x00007ffa38910000 - 0x00007ffa38aa2000 	C:\WINDOWS\SYSTEM32\dbghelp.dll

VM Arguments:
jvm_args: -Dfile.encoding=UTF-8 
java_command: MiniCAFrame
java_class_path (initial): D:\projects\cipher\small_term\small_term\build\classes
Launcher Type: SUN_STANDARD

Environment Variables:
CLASSPATH=D:\apps\java\JDK\jre\lib\rt.jar
PATH=D:\apps\java\JDK\bin;C:\Users\asus\AppData\Local\Microsoft\WindowsApps;
USERNAME=asus
OS=Windows_NT
PROCESSOR_IDENTIFIER=Intel64 Family 6 Model 60 Stepping 3, GenuineIntel



---------------  S Y S T E M  ---------------

OS: Windows 10.0 , 64 bit Build 14393 (10.0.14393.1198)

CPU:total 4 (initial active 4) (2 cores per cpu, 2 threads per core) family 6 model 60 stepping 3, cmov, cx8, fxsr, mmx, sse, sse2, sse3, ssse3, sse4.1, sse4.2, popcnt, avx, avx2, aes, clmul, erms, lzcnt, ht, tsc, tscinvbit, bmi1, bmi2

Memory: 4k page, physical 4080700k(963916k free), swap 6606416k(2026928k free)

vm_info: Java HotSpot(TM) 64-Bit Server VM (25.131-b11) for windows-amd64 JRE (1.8.0_131-b11), built on Mar 15 2017 01:23:53 by "java_re" with MS VC++ 10.0 (VS2010)

time: Mon Aug 28 11:49:59 2017
elapsed time: 23 seconds (0d 0h 0m 23s)

